<?xml version="1.0" encoding="UTF-8"?>
<!-- Generated by org.testng.reporters.JUnitXMLReporter -->
<testsuite hostname="EPUALVIW1156" name="Default test" tests="10" failures="0" timestamp="12 Nov 2015 11:11:48 GMT" time="104.258" errors="0">
  <testcase name="verifyDraftMessageWithOpenThema" time="41.503" classname="first.task.tests.GmailDraftsTests"/>
  <testcase name="verifyDraftMessageWithOpenThema" time="50.421" classname="first.task.tests.GmailDraftsTests"/>
  <testcase name="verifyDraftMessageWithOpenThema" time="56.915" classname="first.task.tests.GmailDraftsTests"/>
  <testcase name="verifyDraftMessageWithOpenThema" time="56.949" classname="first.task.tests.GmailDraftsTests"/>
  <testcase name="verifyDraftMessageWithOpenThema" time="57.053" classname="first.task.tests.GmailDraftsTests"/>
  <testcase name="verifyDraftMessageWithOpenThema" time="91.059" classname="first.task.tests.GmailDraftsTests"/>
  <testcase name="verifyDraftMessageWithOpenThema" time="94.525" classname="first.task.tests.GmailDraftsTests"/>
  <testcase name="verifyDraftMessageWithOpenThema" time="97.55" classname="first.task.tests.GmailDraftsTests"/>
  <testcase name="verifyDraftMessageWithOpenThema" time="100.564" classname="first.task.tests.GmailDraftsTests"/>
  <testcase name="verifyDraftMessageWithOpenThema" time="103.785" classname="first.task.tests.GmailDraftsTests"/>
</testsuite> <!-- Default test -->
