<?xml version="1.0" encoding="UTF-8"?>
<testng-results skipped="0" failed="0" total="10" passed="10">
  <reporter-output>
  </reporter-output>
  <suite name="Default suite" duration-ms="104258" started-at="2015-11-12T11:10:04Z" finished-at="2015-11-12T11:11:48Z">
    <groups>
    </groups>
    <test name="Default test" duration-ms="104258" started-at="2015-11-12T11:10:04Z" finished-at="2015-11-12T11:11:48Z">
      <class name="first.task.tests.GmailDraftsTests">
        <test-method status="PASS" signature="beforeClass()[pri:0, instance:first.task.tests.GmailDraftsTests@5bb21b69]" name="beforeClass" is-config="true" duration-ms="12" started-at="2015-11-12T13:10:04Z" finished-at="2015-11-12T13:10:04Z">
          <reporter-output>
          </reporter-output>
        </test-method> <!-- beforeClass -->
        <test-method status="PASS" signature="verifyDraftMessageWithOpenThema(models.User)[pri:0, instance:first.task.tests.GmailDraftsTests@5bb21b69]" name="verifyDraftMessageWithOpenThema" duration-ms="97550" started-at="2015-11-12T13:10:04Z" data-provider="users" finished-at="2015-11-12T13:11:42Z">
          <params>
            <param index="0">
              <value>
                <![CDATA[models.User@438aaf80]]>
              </value>
            </param>
          </params>
          <reporter-output>
          </reporter-output>
        </test-method> <!-- verifyDraftMessageWithOpenThema -->
        <test-method status="PASS" signature="verifyDraftMessageWithOpenThema(models.User)[pri:0, instance:first.task.tests.GmailDraftsTests@5bb21b69]" name="verifyDraftMessageWithOpenThema" duration-ms="94525" started-at="2015-11-12T13:10:04Z" data-provider="users" finished-at="2015-11-12T13:11:39Z">
          <params>
            <param index="0">
              <value>
                <![CDATA[models.User@3a99a58d]]>
              </value>
            </param>
          </params>
          <reporter-output>
          </reporter-output>
        </test-method> <!-- verifyDraftMessageWithOpenThema -->
        <test-method status="PASS" signature="verifyDraftMessageWithOpenThema(models.User)[pri:0, instance:first.task.tests.GmailDraftsTests@5bb21b69]" name="verifyDraftMessageWithOpenThema" duration-ms="91059" started-at="2015-11-12T13:10:04Z" data-provider="users" finished-at="2015-11-12T13:11:35Z">
          <params>
            <param index="0">
              <value>
                <![CDATA[models.User@81e6d00]]>
              </value>
            </param>
          </params>
          <reporter-output>
          </reporter-output>
        </test-method> <!-- verifyDraftMessageWithOpenThema -->
        <test-method status="PASS" signature="verifyDraftMessageWithOpenThema(models.User)[pri:0, instance:first.task.tests.GmailDraftsTests@5bb21b69]" name="verifyDraftMessageWithOpenThema" duration-ms="50421" started-at="2015-11-12T13:10:04Z" data-provider="users" finished-at="2015-11-12T13:10:54Z">
          <params>
            <param index="0">
              <value>
                <![CDATA[models.User@554ba2be]]>
              </value>
            </param>
          </params>
          <reporter-output>
          </reporter-output>
        </test-method> <!-- verifyDraftMessageWithOpenThema -->
        <test-method status="PASS" signature="verifyDraftMessageWithOpenThema(models.User)[pri:0, instance:first.task.tests.GmailDraftsTests@5bb21b69]" name="verifyDraftMessageWithOpenThema" duration-ms="56915" started-at="2015-11-12T13:10:04Z" data-provider="users" finished-at="2015-11-12T13:11:01Z">
          <params>
            <param index="0">
              <value>
                <![CDATA[models.User@6bfbeb14]]>
              </value>
            </param>
          </params>
          <reporter-output>
          </reporter-output>
        </test-method> <!-- verifyDraftMessageWithOpenThema -->
        <test-method status="PASS" signature="verifyDraftMessageWithOpenThema(models.User)[pri:0, instance:first.task.tests.GmailDraftsTests@5bb21b69]" name="verifyDraftMessageWithOpenThema" duration-ms="56949" started-at="2015-11-12T13:10:04Z" data-provider="users" finished-at="2015-11-12T13:11:01Z">
          <params>
            <param index="0">
              <value>
                <![CDATA[models.User@32e6536e]]>
              </value>
            </param>
          </params>
          <reporter-output>
          </reporter-output>
        </test-method> <!-- verifyDraftMessageWithOpenThema -->
        <test-method status="PASS" signature="verifyDraftMessageWithOpenThema(models.User)[pri:0, instance:first.task.tests.GmailDraftsTests@5bb21b69]" name="verifyDraftMessageWithOpenThema" duration-ms="103785" started-at="2015-11-12T13:10:04Z" data-provider="users" finished-at="2015-11-12T13:11:48Z">
          <params>
            <param index="0">
              <value>
                <![CDATA[models.User@3297bddc]]>
              </value>
            </param>
          </params>
          <reporter-output>
          </reporter-output>
        </test-method> <!-- verifyDraftMessageWithOpenThema -->
        <test-method status="PASS" signature="verifyDraftMessageWithOpenThema(models.User)[pri:0, instance:first.task.tests.GmailDraftsTests@5bb21b69]" name="verifyDraftMessageWithOpenThema" duration-ms="100564" started-at="2015-11-12T13:10:04Z" data-provider="users" finished-at="2015-11-12T13:11:45Z">
          <params>
            <param index="0">
              <value>
                <![CDATA[models.User@732500b]]>
              </value>
            </param>
          </params>
          <reporter-output>
          </reporter-output>
        </test-method> <!-- verifyDraftMessageWithOpenThema -->
        <test-method status="PASS" signature="verifyDraftMessageWithOpenThema(models.User)[pri:0, instance:first.task.tests.GmailDraftsTests@5bb21b69]" name="verifyDraftMessageWithOpenThema" duration-ms="41503" started-at="2015-11-12T13:10:04Z" data-provider="users" finished-at="2015-11-12T13:10:46Z">
          <params>
            <param index="0">
              <value>
                <![CDATA[models.User@683c693d]]>
              </value>
            </param>
          </params>
          <reporter-output>
          </reporter-output>
        </test-method> <!-- verifyDraftMessageWithOpenThema -->
        <test-method status="PASS" signature="verifyDraftMessageWithOpenThema(models.User)[pri:0, instance:first.task.tests.GmailDraftsTests@5bb21b69]" name="verifyDraftMessageWithOpenThema" duration-ms="57053" started-at="2015-11-12T13:10:04Z" data-provider="users" finished-at="2015-11-12T13:11:01Z">
          <params>
            <param index="0">
              <value>
                <![CDATA[models.User@71210c55]]>
              </value>
            </param>
          </params>
          <reporter-output>
          </reporter-output>
        </test-method> <!-- verifyDraftMessageWithOpenThema -->
        <test-method status="PASS" signature="afterClass()[pri:0, instance:first.task.tests.GmailDraftsTests@5bb21b69]" name="afterClass" is-config="true" duration-ms="803" started-at="2015-11-12T13:10:46Z" finished-at="2015-11-12T13:10:46Z">
          <reporter-output>
          </reporter-output>
        </test-method> <!-- afterClass -->
        <test-method status="PASS" signature="afterClass()[pri:0, instance:first.task.tests.GmailDraftsTests@5bb21b69]" name="afterClass" is-config="true" duration-ms="1202" started-at="2015-11-12T13:10:54Z" finished-at="2015-11-12T13:10:56Z">
          <reporter-output>
          </reporter-output>
        </test-method> <!-- afterClass -->
        <test-method status="PASS" signature="afterClass()[pri:0, instance:first.task.tests.GmailDraftsTests@5bb21b69]" name="afterClass" is-config="true" duration-ms="588" started-at="2015-11-12T13:11:01Z" finished-at="2015-11-12T13:11:02Z">
          <reporter-output>
          </reporter-output>
        </test-method> <!-- afterClass -->
        <test-method status="PASS" signature="afterClass()[pri:0, instance:first.task.tests.GmailDraftsTests@5bb21b69]" name="afterClass" is-config="true" duration-ms="8870" started-at="2015-11-12T13:11:01Z" finished-at="2015-11-12T13:11:10Z">
          <reporter-output>
          </reporter-output>
        </test-method> <!-- afterClass -->
        <test-method status="PASS" signature="afterClass()[pri:0, instance:first.task.tests.GmailDraftsTests@5bb21b69]" name="afterClass" is-config="true" duration-ms="7908" started-at="2015-11-12T13:11:01Z" finished-at="2015-11-12T13:11:09Z">
          <reporter-output>
          </reporter-output>
        </test-method> <!-- afterClass -->
        <test-method status="PASS" signature="afterClass()[pri:0, instance:first.task.tests.GmailDraftsTests@5bb21b69]" name="afterClass" is-config="true" duration-ms="275" started-at="2015-11-12T13:11:35Z" finished-at="2015-11-12T13:11:35Z">
          <reporter-output>
          </reporter-output>
        </test-method> <!-- afterClass -->
        <test-method status="PASS" signature="afterClass()[pri:0, instance:first.task.tests.GmailDraftsTests@5bb21b69]" name="afterClass" is-config="true" duration-ms="345" started-at="2015-11-12T13:11:39Z" finished-at="2015-11-12T13:11:39Z">
          <reporter-output>
          </reporter-output>
        </test-method> <!-- afterClass -->
        <test-method status="PASS" signature="afterClass()[pri:0, instance:first.task.tests.GmailDraftsTests@5bb21b69]" name="afterClass" is-config="true" duration-ms="406" started-at="2015-11-12T13:11:42Z" finished-at="2015-11-12T13:11:42Z">
          <reporter-output>
          </reporter-output>
        </test-method> <!-- afterClass -->
        <test-method status="PASS" signature="afterClass()[pri:0, instance:first.task.tests.GmailDraftsTests@5bb21b69]" name="afterClass" is-config="true" duration-ms="279" started-at="2015-11-12T13:11:45Z" finished-at="2015-11-12T13:11:45Z">
          <reporter-output>
          </reporter-output>
        </test-method> <!-- afterClass -->
        <test-method status="PASS" signature="afterClass()[pri:0, instance:first.task.tests.GmailDraftsTests@5bb21b69]" name="afterClass" is-config="true" duration-ms="327" started-at="2015-11-12T13:11:48Z" finished-at="2015-11-12T13:11:48Z">
          <reporter-output>
          </reporter-output>
        </test-method> <!-- afterClass -->
      </class> <!-- first.task.tests.GmailDraftsTests -->
    </test> <!-- Default test -->
  </suite> <!-- Default suite -->
</testng-results>
